[20:50:24] [main/INFO]: Using standard Java JCE cipher.
[20:50:24] [main/INFO]: Using standard Java compressor.
[20:50:24] [main/INFO]: Enabled Waterfall version git:Waterfall-Bootstrap:1.19-R0.1-SNAPSHOT:3df3a27:526
[20:50:24] [main/INFO]: Discovered module: ModuleSpec(name=cmd_alert, file=modules\cmd_alert.jar, provider=JenkinsModuleSource())
[20:50:24] [main/INFO]: Discovered module: ModuleSpec(name=cmd_find, file=modules\cmd_find.jar, provider=JenkinsModuleSource())
[20:50:24] [main/INFO]: Discovered module: ModuleSpec(name=cmd_list, file=modules\cmd_list.jar, provider=JenkinsModuleSource())
[20:50:24] [main/INFO]: Discovered module: ModuleSpec(name=cmd_send, file=modules\cmd_send.jar, provider=JenkinsModuleSource())
[20:50:24] [main/INFO]: Discovered module: ModuleSpec(name=cmd_server, file=modules\cmd_server.jar, provider=JenkinsModuleSource())
[20:50:24] [main/INFO]: Discovered module: ModuleSpec(name=reconnect_yaml, file=modules\reconnect_yaml.jar, provider=JenkinsModuleSource())
[20:50:24] [main/INFO]: Loaded plugin reconnect_yaml version git:reconnect_yaml:1.19-R0.1-SNAPSHOT:3df3a27:526 by WaterfallMC
[20:50:24] [main/INFO]: Loaded plugin cmd_find version git:cmd_find:1.19-R0.1-SNAPSHOT:3df3a27:526 by WaterfallMC
[20:50:24] [main/INFO]: Loaded plugin cmd_server version git:cmd_server:1.19-R0.1-SNAPSHOT:3df3a27:526 by WaterfallMC
[20:50:24] [main/INFO]: Loaded plugin cmd_alert version git:cmd_alert:1.19-R0.1-SNAPSHOT:3df3a27:526 by WaterfallMC
[20:50:24] [main/INFO]: Loaded plugin cmd_send version git:cmd_send:1.19-R0.1-SNAPSHOT:3df3a27:526 by WaterfallMC
[20:50:24] [main/INFO]: Loaded plugin cmd_list version git:cmd_list:1.19-R0.1-SNAPSHOT:3df3a27:526 by WaterfallMC
[20:50:24] [main/WARN]: :>:>:>:>:>:>:>:>:>:>:>:>:>:>:>:>:>:>:>:>:>:>:>
[20:50:24] [main/WARN]: :>  
[20:50:24] [main/WARN]: :>      EAGLERCRAFTXBUNGEE WARNING:
[20:50:24] [main/WARN]: :>  
[20:50:24] [main/WARN]: :>  This plugin wasn't tested to be 'working'
[20:50:24] [main/WARN]: :>  with ANY version of BungeeCord (and forks)
[20:50:24] [main/WARN]: :>  apart from the versions listed below:
[20:50:24] [main/WARN]: :>  
[20:50:24] [main/WARN]: :>  - BungeeCord: 1.21-R0.1-SNAPSHOT:0aa2871:1893
[20:50:24] [main/WARN]: :>  - https://ci.md-5.net/job/BungeeCord/1893/artifact/bootstrap/target/BungeeCord.jar
[20:50:24] [main/WARN]: :>  
[20:50:24] [main/WARN]: :>  - Waterfall: 1.21-R0.1-SNAPSHOT:9ab9e2b:582
[20:50:24] [main/WARN]: :>  - https://api.papermc.io/v2/projects/waterfall/versions/1.21/builds/582/downloads/waterfall-1.21-582.jar
[20:50:24] [main/WARN]: :>  
[20:50:24] [main/WARN]: :>  This is not a Bukkit/Spigot plugin!
[20:50:24] [main/WARN]: :>  
[20:50:24] [main/WARN]: :>  Use "-Deaglerxbungee.stfu=true" to hide
[20:50:24] [main/WARN]: :>  
[20:50:24] [main/WARN]: :>:>:>:>:>:>:>:>:>:>:>:>:>:>:>:>:>:>:>:>:>:>:>
[20:50:24] [main/INFO] [EaglercraftXBungee]: Loading vanilla profile: lax1dude
[20:50:26] [Skin Download Thread #1/INFO] [EaglercraftXBungee]: Loaded vanilla profile: lax1dude
[20:50:26] [main/INFO]: Loaded plugin EaglercraftXBungee version 1.3.6 by lax1dude
[20:50:26] [main/WARN]: Could not load server icon
java.lang.IllegalArgumentException: Server icon must be exactly 64x64 pixels
	at net.md_5.bungee.api.Favicon.create(Favicon.java:80) ~[bungee.jar:git:Waterfall-Bootstrap:1.19-R0.1-SNAPSHOT:3df3a27:526]
	at net.md_5.bungee.conf.Configuration.load(Configuration.java:89) ~[bungee.jar:git:Waterfall-Bootstrap:1.19-R0.1-SNAPSHOT:3df3a27:526]
	at io.github.waterfallmc.waterfall.conf.WaterfallConfiguration.load(WaterfallConfiguration.java:67) ~[bungee.jar:git:Waterfall-Bootstrap:1.19-R0.1-SNAPSHOT:3df3a27:526]
	at net.md_5.bungee.BungeeCord.start(BungeeCord.java:288) ~[bungee.jar:git:Waterfall-Bootstrap:1.19-R0.1-SNAPSHOT:3df3a27:526]
	at net.md_5.bungee.BungeeCordLauncher.main(BungeeCordLauncher.java:67) ~[bungee.jar:git:Waterfall-Bootstrap:1.19-R0.1-SNAPSHOT:3df3a27:526]
	at net.md_5.bungee.Bootstrap.main(Bootstrap.java:15) ~[bungee.jar:git:Waterfall-Bootstrap:1.19-R0.1-SNAPSHOT:3df3a27:526]
[20:50:26] [main/WARN]: Forced host server pvp is not defined
[20:50:26] [main/INFO]: Enabled plugin reconnect_yaml version git:reconnect_yaml:1.19-R0.1-SNAPSHOT:3df3a27:526 by WaterfallMC
[20:50:26] [main/INFO]: Enabled plugin cmd_find version git:cmd_find:1.19-R0.1-SNAPSHOT:3df3a27:526 by WaterfallMC
[20:50:26] [main/INFO]: Enabled plugin cmd_server version git:cmd_server:1.19-R0.1-SNAPSHOT:3df3a27:526 by WaterfallMC
[20:50:26] [main/INFO]: Enabled plugin cmd_alert version git:cmd_alert:1.19-R0.1-SNAPSHOT:3df3a27:526 by WaterfallMC
[20:50:26] [main/INFO]: Enabled plugin cmd_send version git:cmd_send:1.19-R0.1-SNAPSHOT:3df3a27:526 by WaterfallMC
[20:50:26] [main/INFO]: Enabled plugin cmd_list version git:cmd_list:1.19-R0.1-SNAPSHOT:3df3a27:526 by WaterfallMC
[20:50:26] [main/ERROR] [EaglercraftXBungee]: Online mode is set to false! Authentication system has been disabled
[20:50:26] [Netty Boss IO Thread #0/INFO] [EaglercraftXBungee]: Eaglercraft is listening on: /0.0.0.0:8081
[20:50:26] [main/INFO] [EaglercraftXBungee]: Connected to database: jdbc:sqlite:eaglercraft_skins_cache.db
[20:50:26] [main/INFO] [EaglercraftXBungee]: Voice chat disabled, add "allow_voice: true" to your listeners to enable
[20:50:26] [main/INFO]: Enabled plugin EaglercraftXBungee version 1.3.6 by lax1dude
[20:50:26] [Netty Boss IO Thread #1/INFO]: Listening on /127.0.0.1:25577
[20:50:27] [Shutdown Thread/INFO]: Closing listener [id: 0xf756722c, L:/127.0.0.1:25577]
[20:50:27] [Shutdown Thread/INFO]: Closing pending connections
[20:50:27] [Shutdown Thread/INFO]: Disconnecting 0 connections
[20:50:27] [EaglerXBungee: Update Service Tasks/INFO] [EaglercraftXBungee]: Downloading new certificate: https://eaglercraft.com/backup.cert
[20:50:27] [Shutdown Thread/INFO]: Disabling plugins
[20:50:27] [EaglerXBungee: Update Service Tasks/INFO] [EaglercraftXBungee]: Downloading new certificate: https://deev.is/eagler/backup.cert
[20:50:27] [EaglerXBungee: Update Service Tasks/INFO] [EaglercraftXBungee]: Loaded certificate: C:\Users\fortn\Downloads\BLHS-craft\bungee\plugins\EaglercraftXBungee\eagcert\$dl.ac3aaed1273ced06ef766ab055337fbf29dc3347.cert
[20:50:27] [Shutdown Thread/INFO] [EaglercraftXBungee]: Eaglercraft listener closed: /0.0.0.0:8081
[20:50:27] [EaglerXBungee: Update Service Tasks/INFO] [EaglercraftXBungee]: Loaded certificate: C:\Users\fortn\Downloads\BLHS-craft\bungee\plugins\EaglercraftXBungee\eagcert\$dl.ba375b9add3c01ca11899be958188189a3885a59.cert
[20:50:27] [Shutdown Thread/INFO] [EaglercraftXBungee]: Successfully disconnected from database 'jdbc:sqlite:eaglercraft_skins_cache.db'
[20:50:27] [Shutdown Thread/INFO] [EaglercraftXBungee]: Stopping skin cache HTTP client...
[20:50:29] [Shutdown Thread/INFO]: Closing IO threads
[20:50:32] [Shutdown Thread/INFO]: Thank you and goodbye
